<?xml version="1.0" encoding="UTF-8"?>
<!-- Generated by org.testng.reporters.JUnitXMLReporter -->
<testsuite ignored="0" hostname="ATUL" failures="0" tests="9" name="Default test" time="87.267" errors="0" timestamp="2023-08-08T01:16:26 IST">
  <testcase classname="com.bookart.testcases.TC_2_UiHomePage" name="A_LaunchedBaseURL" time="2.602"/>
  <testcase classname="com.bookart.testcases.TC_1_BaseURl_HandleNewspopup" name="TC_Verify_LaunchedBaseURL" time="1.505"/>
  <testcase classname="com.bookart.testcases.TC_1_BaseURl_HandleNewspopup" name="TC_Verify_to_HandleNewsletterPopup" time="30.345"/>
  <testcase classname="com.bookart.testcases.TC_2_UiHomePage" name="verifybookbtn" time="13.001"/>
  <testcase classname="com.bookart.testcases.TC_2_UiHomePage" name="currentAffairs" time="3.403"/>
  <testcase classname="com.bookart.testcases.TC_2_UiHomePage" name="drishti" time="15.381"/>
  <testcase classname="com.bookart.testcases.TC_2_UiHomePage" name="maheshkumar" time="4.172"/>
  <testcase classname="com.bookart.testcases.TC_2_UiHomePage" name="thevision" time="2.421"/>
  <testcase classname="com.bookart.testcases.TC_2_UiHomePage" name="whatsappIcon" time="9.341"/>
</testsuite> <!-- Default test -->
