<?xml version="1.0" encoding="UTF-8"?>
<!-- Generated by org.testng.reporters.JUnitXMLReporter -->
<testsuite ignored="0" hostname="ATUL" failures="0" tests="9" name="Test" time="73.639" errors="0" timestamp="2023-08-08T01:22:21 IST">
  <testcase classname="com.bookart.testcases.TC_2_UiHomePage" name="A_LaunchedBaseURL" time="2.427"/>
  <testcase classname="com.bookart.testcases.TC_1_BaseURl_HandleNewspopup" name="TC_Verify_LaunchedBaseURL" time="1.438"/>
  <testcase classname="com.bookart.testcases.TC_1_BaseURl_HandleNewspopup" name="TC_Verify_to_HandleNewsletterPopup" time="4.968"/>
  <testcase classname="com.bookart.testcases.TC_2_UiHomePage" name="verifybookbtn" time="2.917"/>
  <testcase classname="com.bookart.testcases.TC_2_UiHomePage" name="currentAffairs" time="2.353"/>
  <testcase classname="com.bookart.testcases.TC_2_UiHomePage" name="drishti" time="44.307"/>
  <testcase classname="com.bookart.testcases.TC_2_UiHomePage" name="maheshkumar" time="2.401"/>
  <testcase classname="com.bookart.testcases.TC_2_UiHomePage" name="thevision" time="4.026"/>
  <testcase classname="com.bookart.testcases.TC_2_UiHomePage" name="whatsappIcon" time="4.588"/>
</testsuite> <!-- Test -->
