<?xml version="1.0" encoding="UTF-8"?>
<!-- Generated by org.testng.reporters.JUnitXMLReporter -->
<testsuite ignored="0" hostname="ATUL" failures="0" tests="9" name="Test" time="81.423" errors="0" timestamp="2023-08-08T01:29:12 IST">
  <testcase classname="com.bookart.testcases.TC_2_UiHomePage" name="A_LaunchedBaseURL" time="4.45"/>
  <testcase classname="com.bookart.testcases.TC_1_BaseURl_HandleNewspopup" name="TC_Verify_LaunchedBaseURL" time="1.641"/>
  <testcase classname="com.bookart.testcases.TC_1_BaseURl_HandleNewspopup" name="TC_Verify_to_HandleNewsletterPopup" time="5.771"/>
  <testcase classname="com.bookart.testcases.TC_2_UiHomePage" name="verifybookbtn" time="2.996"/>
  <testcase classname="com.bookart.testcases.TC_2_UiHomePage" name="currentAffairs" time="3.192"/>
  <testcase classname="com.bookart.testcases.TC_2_UiHomePage" name="drishti" time="44.387"/>
  <testcase classname="com.bookart.testcases.TC_2_UiHomePage" name="maheshkumar" time="4.941"/>
  <testcase classname="com.bookart.testcases.TC_2_UiHomePage" name="thevision" time="6.344"/>
  <testcase classname="com.bookart.testcases.TC_2_UiHomePage" name="whatsappIcon" time="3.664"/>
</testsuite> <!-- Test -->
