<?xml version="1.0" encoding="UTF-8"?>
<testng-results ignored="0" total="9" passed="9" failed="0" skipped="0">
  <reporter-output>
  </reporter-output>
  <suite started-at="2023-08-08T01:27:50 IST" name="Suite" finished-at="2023-08-08T01:29:11 IST" duration-ms="81423">
    <groups>
    </groups>
    <test started-at="2023-08-08T01:27:50 IST" name="Test" finished-at="2023-08-08T01:29:11 IST" duration-ms="81423">
      <class name="com.bookart.testcases.TC_2_UiHomePage">
        <test-method is-config="true" signature="setup()[pri:0, instance:com.bookart.testcases.TC_2_UiHomePage@413d1baf]" started-at="2023-08-08T01:27:50 IST" name="setup" finished-at="2023-08-08T01:27:53 IST" duration-ms="3678" status="PASS">
          <reporter-output>
          </reporter-output>
        </test-method> <!-- setup -->
        <test-method signature="A_LaunchedBaseURL()[pri:0, instance:com.bookart.testcases.TC_2_UiHomePage@413d1baf]" started-at="2023-08-08T01:27:53 IST" name="A_LaunchedBaseURL" finished-at="2023-08-08T01:27:58 IST" duration-ms="4450" status="PASS">
          <reporter-output>
          </reporter-output>
        </test-method> <!-- A_LaunchedBaseURL -->
        <test-method signature="TC_Verify_LaunchedBaseURL()[pri:0, instance:com.bookart.testcases.TC_2_UiHomePage@413d1baf]" started-at="2023-08-08T01:27:58 IST" name="TC_Verify_LaunchedBaseURL" finished-at="2023-08-08T01:27:59 IST" duration-ms="1641" status="PASS">
          <reporter-output>
          </reporter-output>
        </test-method> <!-- TC_Verify_LaunchedBaseURL -->
        <test-method signature="TC_Verify_to_HandleNewsletterPopup()[pri:1, instance:com.bookart.testcases.TC_2_UiHomePage@413d1baf]" started-at="2023-08-08T01:27:59 IST" name="TC_Verify_to_HandleNewsletterPopup" finished-at="2023-08-08T01:28:05 IST" duration-ms="5771" status="PASS">
          <reporter-output>
          </reporter-output>
        </test-method> <!-- TC_Verify_to_HandleNewsletterPopup -->
        <test-method signature="verifybookbtn()[pri:1, instance:com.bookart.testcases.TC_2_UiHomePage@413d1baf]" started-at="2023-08-08T01:28:05 IST" name="verifybookbtn" finished-at="2023-08-08T01:28:08 IST" duration-ms="2996" status="PASS">
          <reporter-output>
          </reporter-output>
        </test-method> <!-- verifybookbtn -->
        <test-method signature="currentAffairs()[pri:2, instance:com.bookart.testcases.TC_2_UiHomePage@413d1baf]" started-at="2023-08-08T01:28:08 IST" name="currentAffairs" finished-at="2023-08-08T01:28:11 IST" duration-ms="3192" status="PASS">
          <reporter-output>
          </reporter-output>
        </test-method> <!-- currentAffairs -->
        <test-method signature="drishti()[pri:3, instance:com.bookart.testcases.TC_2_UiHomePage@413d1baf]" started-at="2023-08-08T01:28:11 IST" name="drishti" finished-at="2023-08-08T01:28:56 IST" duration-ms="44387" status="PASS">
          <reporter-output>
          </reporter-output>
        </test-method> <!-- drishti -->
        <test-method signature="maheshkumar()[pri:4, instance:com.bookart.testcases.TC_2_UiHomePage@413d1baf]" started-at="2023-08-08T01:28:56 IST" name="maheshkumar" finished-at="2023-08-08T01:29:01 IST" duration-ms="4941" status="PASS">
          <reporter-output>
          </reporter-output>
        </test-method> <!-- maheshkumar -->
        <test-method signature="thevision()[pri:5, instance:com.bookart.testcases.TC_2_UiHomePage@413d1baf]" started-at="2023-08-08T01:29:01 IST" name="thevision" finished-at="2023-08-08T01:29:07 IST" duration-ms="6344" status="PASS">
          <reporter-output>
          </reporter-output>
        </test-method> <!-- thevision -->
        <test-method signature="whatsappIcon()[pri:6, instance:com.bookart.testcases.TC_2_UiHomePage@413d1baf]" started-at="2023-08-08T01:29:07 IST" name="whatsappIcon" finished-at="2023-08-08T01:29:11 IST" duration-ms="3664" status="PASS">
          <reporter-output>
          </reporter-output>
        </test-method> <!-- whatsappIcon -->
        <test-method is-config="true" signature="exit()[pri:0, instance:com.bookart.testcases.TC_2_UiHomePage@413d1baf]" started-at="2023-08-08T01:29:11 IST" name="exit" finished-at="2023-08-08T01:29:11 IST" duration-ms="255" status="PASS">
          <reporter-output>
          </reporter-output>
        </test-method> <!-- exit -->
      </class> <!-- com.bookart.testcases.TC_2_UiHomePage -->
    </test> <!-- Test -->
  </suite> <!-- Suite -->
</testng-results>
