<?xml version="1.0" encoding="UTF-8"?>
<testsuite xmlns:xsi="http://www.w3.org/2001/XMLSchema-instance" xsi:noNamespaceSchemaLocation="https://maven.apache.org/surefire/maven-surefire-plugin/xsd/surefire-test-report-3.0.xsd" version="3.0" name="TestSuite" time="83.652" tests="9" errors="0" skipped="0" failures="0">
  <properties>
[...]
</properties>
  <testcase name="A_LaunchedBaseURL" classname="com.bookart.testcases.TC_2_UiHomePage" time="4.465">
    <system-out><![CDATA[[INFO ] 2023-08-08 01:27:53.658 [main] BoookartWeb - The WebDriver Sesssion Starts successfully.
[INFO ] 2023-08-08 01:27:53.797 [main] BoookartWeb - Window is Maximized successfullly.
Getting Base URL on Browser
Verifying ....Base URL is Opened or not on browser....
]]></system-out>
    <system-err><![CDATA[SLF4J: No SLF4J providers were found.
SLF4J: Defaulting to no-operation (NOP) logger implementation
SLF4J: See https://www.slf4j.org/codes.html#noProviders for further details.
Starting ChromeDriver 115.0.5790.170 (cc0d30c2ca5577520c8646671513241faa0bc105-refs/branch-heads/5790@{#1923}) on port 8670
Only local connections are allowed.
Please see https://chromedriver.chromium.org/security-considerations for suggestions on keeping ChromeDriver safe.
ChromeDriver was started successfully.
Aug 08, 2023 1:27:52 AM org.openqa.selenium.remote.ProtocolHandshake createSession
INFO: Detected dialect: W3C
]]></system-err>
  </testcase>
  <testcase name="TC_Verify_LaunchedBaseURL" classname="com.bookart.testcases.TC_2_UiHomePage" time="1.636">
    <system-out><![CDATA[[INFO ] 2023-08-08 01:27:58.303 [main] BoookartWeb - *********TestCase1-Verify-Launched-BaseURL Start ********
[INFO ] 2023-08-08 01:27:59.833 [main] BoookartWeb - Verifying ....Home Page URL is Opened or not on browser....
[INFO ] 2023-08-08 01:27:59.939 [main] BoookartWeb - ********TestCase1-Verify-LaunchedBaseURL End********
]]></system-out>
  </testcase>
  <testcase name="TC_Verify_to_HandleNewsletterPopup" classname="com.bookart.testcases.TC_2_UiHomePage" time="5.779">
    <system-out><![CDATA[[INFO ] 2023-08-08 01:27:59.943 [main] BoookartWeb - ********* TestCase2-Verify-NewsletterPopup Start ********
Newsletter Popup Handled
[INFO ] 2023-08-08 01:28:05.712 [main] BoookartWeb - ******** TestCase2-Verify-NewsletterPopup End ********
]]></system-out>
  </testcase>
  <testcase name="verifybookbtn" classname="com.bookart.testcases.TC_2_UiHomePage" time="2.997">
    <system-out><![CDATA[Verify Gkbook successful
]]></system-out>
  </testcase>
  <testcase name="currentAffairs" classname="com.bookart.testcases.TC_2_UiHomePage" time="3.191">
    <system-out><![CDATA[Verified currentaffaires successfull
Verify currentAffaires book successful
]]></system-out>
  </testcase>
  <testcase name="drishti" classname="com.bookart.testcases.TC_2_UiHomePage" time="44.382">
    <system-out><![CDATA[Newsletter Popup not Found
clicked on Drishti book 
Verify drithti book successful
]]></system-out>
  </testcase>
  <testcase name="maheshkumar" classname="com.bookart.testcases.TC_2_UiHomePage" time="4.943">
    <system-out><![CDATA[Verified MAHESH KUMAR BARNWAL book successfull
]]></system-out>
  </testcase>
  <testcase name="thevision" classname="com.bookart.testcases.TC_2_UiHomePage" time="6.345">
    <system-out><![CDATA[Verified Buy Online Drishti The Vision books successfull
]]></system-out>
  </testcase>
  <testcase name="whatsappIcon" classname="com.bookart.testcases.TC_2_UiHomePage" time="3.664">
    <system-out><![CDATA[Verified Share on WhatsApp successfull
]]></system-out>
  </testcase>
</testsuite>